<?xml version="1.0" encoding="UTF-8"?>
<!-- Generated by org.testng.reporters.JUnitReportReporter -->
<testsuite hostname="Bhushan" failures="0" tests="1" name="Assignment1.CRUD" time="1.682" errors="0" timestamp="2022-11-27T12:26:53 IST" skipped="0">
  <testcase classname="Assignment1.CRUD" name="get_call" time="1.682"/>
  <system-out/>
</testsuite> <!-- Assignment1.CRUD -->
