<?xml version="1.0" encoding="UTF-8"?>
<!-- Generated by org.testng.reporters.JUnitReportReporter -->
<testsuite hostname="Bhushan" failures="0" tests="4" name="Assignment1.CRUD_Operation" time="3.566" errors="0" timestamp="2022-11-27T14:53:43 IST" skipped="0">
  <testcase classname="Assignment1.CRUD_Operation" name="put_call" time="0.587"/>
  <system-out/>
  <testcase classname="Assignment1.CRUD_Operation" name="delete_call" time="2.021"/>
  <system-out/>
  <testcase classname="Assignment1.CRUD_Operation" name="post_call" time="0.667"/>
  <system-out/>
  <testcase classname="Assignment1.CRUD_Operation" name="get_call" time="0.291"/>
  <system-out/>
</testsuite> <!-- Assignment1.CRUD_Operation -->
